<?xml version="1.0" encoding="UTF-8"?>
<!-- Generated by org.testng.reporters.JUnitXMLReporter -->
<testsuite hostname="FH400" ignored="0" name="Default test" tests="4" failures="0" timestamp="27 Dec 2019 09:48:19 GMT" time="47.671" errors="0">
  <testcase name="forgotPageTitleTest" time="0.034" classname="com.qa.Bridgelabz.testcases.ForgotPageTest"/>
  <testcase name="forgot" time="13.003" classname="com.qa.Bridgelabz.testcases.ForgotPageTest"/>
  <testcase name="forgot" time="13.048" classname="com.qa.Bridgelabz.testcases.ForgotPageTest"/>
  <testcase name="forgot" time="12.851" classname="com.qa.Bridgelabz.testcases.ForgotPageTest"/>
</testsuite> <!-- Default test -->
