<?xml version="1.0" encoding="UTF-8"?>
<testng-results skipped="0" failed="1" ignored="0" total="13" passed="12">
  <reporter-output>
  </reporter-output>
  <suite name="APP Automation Test Automation Test Suites" duration-ms="109510" started-at="2019-12-27T10:42:20Z" finished-at="2019-12-27T10:44:10Z">
    <groups>
    </groups>
    <test name=" App Test Cases " duration-ms="109510" started-at="2019-12-27T10:42:20Z" finished-at="2019-12-27T10:44:10Z">
      <class name="com.qa.Bridgelabz.testcases.RegisterationPageTest">
        <test-method status="PASS" signature="setUp()[pri:0, instance:com.qa.Bridgelabz.testcases.RegisterationPageTest@685cb137]" name="setUp" is-config="true" duration-ms="3288" started-at="2019-12-27T16:12:20Z" finished-at="2019-12-27T16:12:24Z">
          <reporter-output>
          </reporter-output>
        </test-method> <!-- setUp -->
        <test-method status="FAIL" signature="validateregisterationPageTitle()[pri:1, instance:com.qa.Bridgelabz.testcases.RegisterationPageTest@685cb137]" name="validateregisterationPageTitle" duration-ms="53" started-at="2019-12-27T16:12:24Z" finished-at="2019-12-27T16:12:24Z">
          <exception class="java.lang.AssertionError">
            <message>
              <![CDATA[expected [registerationPage] but found [loginPage]]]>
            </message>
            <full-stacktrace>
              <![CDATA[java.lang.AssertionError: expected [registerationPage] but found [loginPage]
	at org.testng.Assert.fail(Assert.java:93)
	at org.testng.Assert.failNotEquals(Assert.java:512)
	at org.testng.Assert.assertEqualsImpl(Assert.java:134)
	at org.testng.Assert.assertEquals(Assert.java:115)
	at org.testng.Assert.assertEquals(Assert.java:189)
	at org.testng.Assert.assertEquals(Assert.java:199)
	at com.qa.Bridgelabz.testcases.RegisterationPageTest.validateregisterationPageTitle(RegisterationPageTest.java:30)
	at sun.reflect.NativeMethodAccessorImpl.invoke0(Native Method)
	at sun.reflect.NativeMethodAccessorImpl.invoke(NativeMethodAccessorImpl.java:62)
	at sun.reflect.DelegatingMethodAccessorImpl.invoke(DelegatingMethodAccessorImpl.java:43)
	at java.lang.reflect.Method.invoke(Method.java:498)
	at org.testng.internal.MethodInvocationHelper.invokeMethod(MethodInvocationHelper.java:108)
	at org.testng.internal.Invoker.invokeMethod(Invoker.java:661)
	at org.testng.internal.Invoker.invokeTestMethod(Invoker.java:869)
	at org.testng.internal.Invoker.invokeTestMethods(Invoker.java:1193)
	at org.testng.internal.TestMethodWorker.invokeTestMethods(TestMethodWorker.java:126)
	at org.testng.internal.TestMethodWorker.run(TestMethodWorker.java:109)
	at org.testng.TestRunner.privateRun(TestRunner.java:744)
	at org.testng.TestRunner.run(TestRunner.java:602)
	at org.testng.SuiteRunner.runTest(SuiteRunner.java:380)
	at org.testng.SuiteRunner.runSequentially(SuiteRunner.java:375)
	at org.testng.SuiteRunner.privateRun(SuiteRunner.java:340)
	at org.testng.SuiteRunner.run(SuiteRunner.java:289)
	at org.testng.SuiteRunnerWorker.runSuite(SuiteRunnerWorker.java:52)
	at org.testng.SuiteRunnerWorker.run(SuiteRunnerWorker.java:86)
	at org.testng.TestNG.runSuitesSequentially(TestNG.java:1301)
	at org.testng.TestNG.runSuitesLocally(TestNG.java:1226)
	at org.testng.TestNG.runSuites(TestNG.java:1144)
	at org.testng.TestNG.run(TestNG.java:1115)
	at org.testng.remote.AbstractRemoteTestNG.run(AbstractRemoteTestNG.java:115)
	at org.testng.remote.RemoteTestNG.initAndRun(RemoteTestNG.java:251)
	at org.testng.remote.RemoteTestNG.main(RemoteTestNG.java:77)
]]>
            </full-stacktrace>
          </exception> <!-- java.lang.AssertionError -->
          <reporter-output>
          </reporter-output>
        </test-method> <!-- validateregisterationPageTitle -->
        <test-method status="PASS" signature="tearDown()[pri:0, instance:com.qa.Bridgelabz.testcases.RegisterationPageTest@685cb137]" name="tearDown" is-config="true" duration-ms="243" started-at="2019-12-27T16:12:24Z" finished-at="2019-12-27T16:12:24Z">
          <reporter-output>
          </reporter-output>
        </test-method> <!-- tearDown -->
        <test-method status="PASS" signature="setUp()[pri:0, instance:com.qa.Bridgelabz.testcases.RegisterationPageTest@685cb137]" name="setUp" is-config="true" duration-ms="1640" started-at="2019-12-27T16:12:30Z" finished-at="2019-12-27T16:12:31Z">
          <reporter-output>
          </reporter-output>
        </test-method> <!-- setUp -->
        <test-method status="PASS" signature="registeration(java.lang.String, java.lang.String, java.lang.String, java.lang.String, java.lang.String, java.lang.String)[pri:2, instance:com.qa.Bridgelabz.testcases.RegisterationPageTest@685cb137]" name="registeration" duration-ms="13730" started-at="2019-12-27T16:12:31Z" data-provider="getCRMTestData" finished-at="2019-12-27T16:12:45Z">
          <params>
            <param index="0">
              <value>
                <![CDATA[premsai]]>
              </value>
            </param>
            <param index="1">
              <value>
                <![CDATA[qwer]]>
              </value>
            </param>
            <param index="2">
              <value>
                <![CDATA[1234]]>
              </value>
            </param>
            <param index="3">
              <value>
                <![CDATA[drfcvgb]]>
              </value>
            </param>
            <param index="4">
              <value>
                <![CDATA[789766]]>
              </value>
            </param>
            <param index="5">
              <value>
                <![CDATA[yahoo@gmail.com]]>
              </value>
            </param>
          </params>
          <reporter-output>
          </reporter-output>
        </test-method> <!-- registeration -->
        <test-method status="PASS" signature="tearDown()[pri:0, instance:com.qa.Bridgelabz.testcases.RegisterationPageTest@685cb137]" name="tearDown" is-config="true" duration-ms="134" started-at="2019-12-27T16:12:45Z" finished-at="2019-12-27T16:12:45Z">
          <reporter-output>
          </reporter-output>
        </test-method> <!-- tearDown -->
        <test-method status="PASS" signature="setUp()[pri:0, instance:com.qa.Bridgelabz.testcases.RegisterationPageTest@685cb137]" name="setUp" is-config="true" duration-ms="1630" started-at="2019-12-27T16:12:45Z" finished-at="2019-12-27T16:12:47Z">
          <reporter-output>
          </reporter-output>
        </test-method> <!-- setUp -->
        <test-method status="PASS" signature="registeration(java.lang.String, java.lang.String, java.lang.String, java.lang.String, java.lang.String, java.lang.String)[pri:2, instance:com.qa.Bridgelabz.testcases.RegisterationPageTest@685cb137]" name="registeration" duration-ms="13491" started-at="2019-12-27T16:12:47Z" data-provider="getCRMTestData" finished-at="2019-12-27T16:13:00Z">
          <params>
            <param index="0">
              <value>
                <![CDATA[pppp]]>
              </value>
            </param>
            <param index="1">
              <value>
                <![CDATA[ppwe]]>
              </value>
            </param>
            <param index="2">
              <value>
                <![CDATA[1235]]>
              </value>
            </param>
            <param index="3">
              <value>
                <![CDATA[fdgsb]]>
              </value>
            </param>
            <param index="4">
              <value>
                <![CDATA[78562]]>
              </value>
            </param>
            <param index="5">
              <value>
                <![CDATA[gmail@g.c]]>
              </value>
            </param>
          </params>
          <reporter-output>
          </reporter-output>
        </test-method> <!-- registeration -->
        <test-method status="PASS" signature="tearDown()[pri:0, instance:com.qa.Bridgelabz.testcases.RegisterationPageTest@685cb137]" name="tearDown" is-config="true" duration-ms="104" started-at="2019-12-27T16:13:00Z" finished-at="2019-12-27T16:13:00Z">
          <reporter-output>
          </reporter-output>
        </test-method> <!-- tearDown -->
        <test-method status="PASS" signature="setUp()[pri:0, instance:com.qa.Bridgelabz.testcases.RegisterationPageTest@685cb137]" name="setUp" is-config="true" duration-ms="1808" started-at="2019-12-27T16:13:00Z" finished-at="2019-12-27T16:13:02Z">
          <reporter-output>
          </reporter-output>
        </test-method> <!-- setUp -->
        <test-method status="PASS" signature="registeration(java.lang.String, java.lang.String, java.lang.String, java.lang.String, java.lang.String, java.lang.String)[pri:2, instance:com.qa.Bridgelabz.testcases.RegisterationPageTest@685cb137]" name="registeration" duration-ms="13602" started-at="2019-12-27T16:13:02Z" data-provider="getCRMTestData" finished-at="2019-12-27T16:13:16Z">
          <params>
            <param index="0">
              <value>
                <![CDATA[pppp1]]>
              </value>
            </param>
            <param index="1">
              <value>
                <![CDATA[ppwe1]]>
              </value>
            </param>
            <param index="2">
              <value>
                <![CDATA[1236]]>
              </value>
            </param>
            <param index="3">
              <value>
                <![CDATA[fdgsb]]>
              </value>
            </param>
            <param index="4">
              <value>
                <![CDATA[5476]]>
              </value>
            </param>
            <param index="5">
              <value>
                <![CDATA[rttr@.c]]>
              </value>
            </param>
          </params>
          <reporter-output>
          </reporter-output>
        </test-method> <!-- registeration -->
        <test-method status="PASS" signature="tearDown()[pri:0, instance:com.qa.Bridgelabz.testcases.RegisterationPageTest@685cb137]" name="tearDown" is-config="true" duration-ms="98" started-at="2019-12-27T16:13:16Z" finished-at="2019-12-27T16:13:16Z">
          <reporter-output>
          </reporter-output>
        </test-method> <!-- tearDown -->
      </class> <!-- com.qa.Bridgelabz.testcases.RegisterationPageTest -->
      <class name="com.qa.Bridgelabz.testcases.ForgotPageTest">
        <test-method status="PASS" signature="setUp()[pri:0, instance:com.qa.Bridgelabz.testcases.ForgotPageTest@7cd62f43]" name="setUp" is-config="true" duration-ms="1966" started-at="2019-12-27T16:12:26Z" finished-at="2019-12-27T16:12:28Z">
          <reporter-output>
          </reporter-output>
        </test-method> <!-- setUp -->
        <test-method status="PASS" signature="forgotPageTitleTest()[pri:1, instance:com.qa.Bridgelabz.testcases.ForgotPageTest@7cd62f43]" name="forgotPageTitleTest" duration-ms="31" started-at="2019-12-27T16:12:28Z" finished-at="2019-12-27T16:12:28Z">
          <reporter-output>
          </reporter-output>
        </test-method> <!-- forgotPageTitleTest -->
        <test-method status="PASS" signature="tearDown()[pri:0, instance:com.qa.Bridgelabz.testcases.ForgotPageTest@7cd62f43]" name="tearDown" is-config="true" duration-ms="145" started-at="2019-12-27T16:12:28Z" finished-at="2019-12-27T16:12:29Z">
          <reporter-output>
          </reporter-output>
        </test-method> <!-- tearDown -->
        <test-method status="PASS" signature="setUp()[pri:0, instance:com.qa.Bridgelabz.testcases.ForgotPageTest@7cd62f43]" name="setUp" is-config="true" duration-ms="1512" started-at="2019-12-27T16:13:25Z" finished-at="2019-12-27T16:13:27Z">
          <reporter-output>
          </reporter-output>
        </test-method> <!-- setUp -->
        <test-method status="PASS" signature="forgot(java.lang.String, java.lang.String, java.lang.String, java.lang.String)[pri:2, instance:com.qa.Bridgelabz.testcases.ForgotPageTest@7cd62f43]" name="forgot" duration-ms="13030" started-at="2019-12-27T16:13:27Z" data-provider="getCRMTestData" finished-at="2019-12-27T16:13:40Z">
          <params>
            <param index="0">
              <value>
                <![CDATA[qwer]]>
              </value>
            </param>
            <param index="1">
              <value>
                <![CDATA[yahoo@gmail.com]]>
              </value>
            </param>
            <param index="2">
              <value>
                <![CDATA[98765]]>
              </value>
            </param>
            <param index="3">
              <value>
                <![CDATA[98765]]>
              </value>
            </param>
          </params>
          <reporter-output>
          </reporter-output>
        </test-method> <!-- forgot -->
        <test-method status="PASS" signature="tearDown()[pri:0, instance:com.qa.Bridgelabz.testcases.ForgotPageTest@7cd62f43]" name="tearDown" is-config="true" duration-ms="267" started-at="2019-12-27T16:13:40Z" finished-at="2019-12-27T16:13:40Z">
          <reporter-output>
          </reporter-output>
        </test-method> <!-- tearDown -->
        <test-method status="PASS" signature="setUp()[pri:0, instance:com.qa.Bridgelabz.testcases.ForgotPageTest@7cd62f43]" name="setUp" is-config="true" duration-ms="1596" started-at="2019-12-27T16:13:40Z" finished-at="2019-12-27T16:13:42Z">
          <reporter-output>
          </reporter-output>
        </test-method> <!-- setUp -->
        <test-method status="PASS" signature="forgot(java.lang.String, java.lang.String, java.lang.String, java.lang.String)[pri:2, instance:com.qa.Bridgelabz.testcases.ForgotPageTest@7cd62f43]" name="forgot" duration-ms="13206" started-at="2019-12-27T16:13:42Z" data-provider="getCRMTestData" finished-at="2019-12-27T16:13:55Z">
          <params>
            <param index="0">
              <value>
                <![CDATA[ppwe]]>
              </value>
            </param>
            <param index="1">
              <value>
                <![CDATA[gmail@g.c]]>
              </value>
            </param>
            <param index="2">
              <value>
                <![CDATA[98765]]>
              </value>
            </param>
            <param index="3">
              <value>
                <![CDATA[98765]]>
              </value>
            </param>
          </params>
          <reporter-output>
          </reporter-output>
        </test-method> <!-- forgot -->
        <test-method status="PASS" signature="tearDown()[pri:0, instance:com.qa.Bridgelabz.testcases.ForgotPageTest@7cd62f43]" name="tearDown" is-config="true" duration-ms="202" started-at="2019-12-27T16:13:55Z" finished-at="2019-12-27T16:13:55Z">
          <reporter-output>
          </reporter-output>
        </test-method> <!-- tearDown -->
        <test-method status="PASS" signature="setUp()[pri:0, instance:com.qa.Bridgelabz.testcases.ForgotPageTest@7cd62f43]" name="setUp" is-config="true" duration-ms="1534" started-at="2019-12-27T16:13:55Z" finished-at="2019-12-27T16:13:57Z">
          <reporter-output>
          </reporter-output>
        </test-method> <!-- setUp -->
        <test-method status="PASS" signature="forgot(java.lang.String, java.lang.String, java.lang.String, java.lang.String)[pri:2, instance:com.qa.Bridgelabz.testcases.ForgotPageTest@7cd62f43]" name="forgot" duration-ms="13189" started-at="2019-12-27T16:13:57Z" data-provider="getCRMTestData" finished-at="2019-12-27T16:14:10Z">
          <params>
            <param index="0">
              <value>
                <![CDATA[ppwe1]]>
              </value>
            </param>
            <param index="1">
              <value>
                <![CDATA[rttr@.c]]>
              </value>
            </param>
            <param index="2">
              <value>
                <![CDATA[98765]]>
              </value>
            </param>
            <param index="3">
              <value>
                <![CDATA[98765]]>
              </value>
            </param>
          </params>
          <reporter-output>
          </reporter-output>
        </test-method> <!-- forgot -->
        <test-method status="PASS" signature="tearDown()[pri:0, instance:com.qa.Bridgelabz.testcases.ForgotPageTest@7cd62f43]" name="tearDown" is-config="true" duration-ms="216" started-at="2019-12-27T16:14:10Z" finished-at="2019-12-27T16:14:10Z">
          <reporter-output>
          </reporter-output>
        </test-method> <!-- tearDown -->
      </class> <!-- com.qa.Bridgelabz.testcases.ForgotPageTest -->
      <class name="com.qa.Bridgelabz.testcases.LoginPageTest">
        <test-method status="PASS" signature="setUp()[pri:0, instance:com.qa.Bridgelabz.testcases.LoginPageTest@6a41eaa2]" name="setUp" is-config="true" duration-ms="2083" started-at="2019-12-27T16:12:24Z" finished-at="2019-12-27T16:12:26Z">
          <reporter-output>
          </reporter-output>
        </test-method> <!-- setUp -->
        <test-method status="PASS" signature="loginPageTitleTest()[pri:1, instance:com.qa.Bridgelabz.testcases.LoginPageTest@6a41eaa2]" name="loginPageTitleTest" duration-ms="51" started-at="2019-12-27T16:12:26Z" finished-at="2019-12-27T16:12:26Z">
          <reporter-output>
          </reporter-output>
        </test-method> <!-- loginPageTitleTest -->
        <test-method status="PASS" signature="tearDown()[pri:0, instance:com.qa.Bridgelabz.testcases.LoginPageTest@6a41eaa2]" name="tearDown" is-config="true" duration-ms="145" started-at="2019-12-27T16:12:26Z" finished-at="2019-12-27T16:12:26Z">
          <reporter-output>
          </reporter-output>
        </test-method> <!-- tearDown -->
        <test-method status="PASS" signature="setUp()[pri:0, instance:com.qa.Bridgelabz.testcases.LoginPageTest@6a41eaa2]" name="setUp" is-config="true" duration-ms="1651" started-at="2019-12-27T16:13:16Z" finished-at="2019-12-27T16:13:18Z">
          <reporter-output>
          </reporter-output>
        </test-method> <!-- setUp -->
        <test-method status="PASS" signature="loginTest(java.lang.String, java.lang.String)[pri:2, instance:com.qa.Bridgelabz.testcases.LoginPageTest@6a41eaa2]" name="loginTest" duration-ms="613" started-at="2019-12-27T16:13:18Z" data-provider="getCRMTestData" finished-at="2019-12-27T16:13:18Z">
          <params>
            <param index="0">
              <value>
                <![CDATA[qwer]]>
              </value>
            </param>
            <param index="1">
              <value>
                <![CDATA[98765]]>
              </value>
            </param>
          </params>
          <reporter-output>
          </reporter-output>
        </test-method> <!-- loginTest -->
        <test-method status="PASS" signature="tearDown()[pri:0, instance:com.qa.Bridgelabz.testcases.LoginPageTest@6a41eaa2]" name="tearDown" is-config="true" duration-ms="88" started-at="2019-12-27T16:13:18Z" finished-at="2019-12-27T16:13:18Z">
          <reporter-output>
          </reporter-output>
        </test-method> <!-- tearDown -->
        <test-method status="PASS" signature="setUp()[pri:0, instance:com.qa.Bridgelabz.testcases.LoginPageTest@6a41eaa2]" name="setUp" is-config="true" duration-ms="1558" started-at="2019-12-27T16:13:18Z" finished-at="2019-12-27T16:13:20Z">
          <reporter-output>
          </reporter-output>
        </test-method> <!-- setUp -->
        <test-method status="PASS" signature="loginTest(java.lang.String, java.lang.String)[pri:2, instance:com.qa.Bridgelabz.testcases.LoginPageTest@6a41eaa2]" name="loginTest" duration-ms="585" started-at="2019-12-27T16:13:20Z" data-provider="getCRMTestData" finished-at="2019-12-27T16:13:20Z">
          <params>
            <param index="0">
              <value>
                <![CDATA[ppwe]]>
              </value>
            </param>
            <param index="1">
              <value>
                <![CDATA[98765]]>
              </value>
            </param>
          </params>
          <reporter-output>
          </reporter-output>
        </test-method> <!-- loginTest -->
        <test-method status="PASS" signature="tearDown()[pri:0, instance:com.qa.Bridgelabz.testcases.LoginPageTest@6a41eaa2]" name="tearDown" is-config="true" duration-ms="126" started-at="2019-12-27T16:13:20Z" finished-at="2019-12-27T16:13:21Z">
          <reporter-output>
          </reporter-output>
        </test-method> <!-- tearDown -->
        <test-method status="PASS" signature="setUp()[pri:0, instance:com.qa.Bridgelabz.testcases.LoginPageTest@6a41eaa2]" name="setUp" is-config="true" duration-ms="1497" started-at="2019-12-27T16:13:21Z" finished-at="2019-12-27T16:13:22Z">
          <reporter-output>
          </reporter-output>
        </test-method> <!-- setUp -->
        <test-method status="PASS" signature="loginTest(java.lang.String, java.lang.String)[pri:2, instance:com.qa.Bridgelabz.testcases.LoginPageTest@6a41eaa2]" name="loginTest" duration-ms="583" started-at="2019-12-27T16:13:22Z" data-provider="getCRMTestData" finished-at="2019-12-27T16:13:23Z">
          <params>
            <param index="0">
              <value>
                <![CDATA[ppwe1]]>
              </value>
            </param>
            <param index="1">
              <value>
                <![CDATA[98765]]>
              </value>
            </param>
          </params>
          <reporter-output>
          </reporter-output>
        </test-method> <!-- loginTest -->
        <test-method status="PASS" signature="tearDown()[pri:0, instance:com.qa.Bridgelabz.testcases.LoginPageTest@6a41eaa2]" name="tearDown" is-config="true" duration-ms="139" started-at="2019-12-27T16:13:23Z" finished-at="2019-12-27T16:13:23Z">
          <reporter-output>
          </reporter-output>
        </test-method> <!-- tearDown -->
        <test-method status="PASS" signature="setUp()[pri:0, instance:com.qa.Bridgelabz.testcases.LoginPageTest@6a41eaa2]" name="setUp" is-config="true" duration-ms="1489" started-at="2019-12-27T16:13:23Z" finished-at="2019-12-27T16:13:24Z">
          <reporter-output>
          </reporter-output>
        </test-method> <!-- setUp -->
        <test-method status="PASS" signature="loginTest(java.lang.String, java.lang.String)[pri:2, instance:com.qa.Bridgelabz.testcases.LoginPageTest@6a41eaa2]" name="loginTest" duration-ms="561" started-at="2019-12-27T16:13:24Z" data-provider="getCRMTestData" finished-at="2019-12-27T16:13:25Z">
          <params>
            <param index="0">
              <value>
                <![CDATA[]]>
              </value>
            </param>
            <param index="1">
              <value>
                <![CDATA[]]>
              </value>
            </param>
          </params>
          <reporter-output>
          </reporter-output>
        </test-method> <!-- loginTest -->
        <test-method status="PASS" signature="tearDown()[pri:0, instance:com.qa.Bridgelabz.testcases.LoginPageTest@6a41eaa2]" name="tearDown" is-config="true" duration-ms="145" started-at="2019-12-27T16:13:25Z" finished-at="2019-12-27T16:13:25Z">
          <reporter-output>
          </reporter-output>
        </test-method> <!-- tearDown -->
      </class> <!-- com.qa.Bridgelabz.testcases.LoginPageTest -->
    </test> <!--  App Test Cases  -->
  </suite> <!-- APP Automation Test Automation Test Suites -->
</testng-results>
