<?xml version="1.0" encoding="UTF-8"?>
<!-- Generated by org.testng.reporters.JUnitXMLReporter -->
<testsuite hostname="FH400" ignored="0" name=" App Test Cases " tests="13" failures="1" timestamp="27 Dec 2019 10:44:10 GMT" time="109.51" errors="0">
  <testcase name="validateregisterationPageTitle" time="0.053" classname="com.qa.Bridgelabz.testcases.RegisterationPageTest">
    <failure type="java.lang.AssertionError" message="expected [registerationPage] but found [loginPage]">
      <![CDATA[java.lang.AssertionError: expected [registerationPage] but found [loginPage]
	at com.qa.Bridgelabz.testcases.RegisterationPageTest.validateregisterationPageTitle(RegisterationPageTest.java:30)
... Removed 31 stack frames]]>
    </failure>
  </testcase> <!-- validateregisterationPageTitle -->
  <testcase name="loginPageTitleTest" time="0.051" classname="com.qa.Bridgelabz.testcases.LoginPageTest"/>
  <testcase name="forgotPageTitleTest" time="0.031" classname="com.qa.Bridgelabz.testcases.ForgotPageTest"/>
  <testcase name="registeration" time="13.73" classname="com.qa.Bridgelabz.testcases.RegisterationPageTest"/>
  <testcase name="registeration" time="13.491" classname="com.qa.Bridgelabz.testcases.RegisterationPageTest"/>
  <testcase name="registeration" time="13.602" classname="com.qa.Bridgelabz.testcases.RegisterationPageTest"/>
  <testcase name="loginTest" time="0.613" classname="com.qa.Bridgelabz.testcases.LoginPageTest"/>
  <testcase name="loginTest" time="0.585" classname="com.qa.Bridgelabz.testcases.LoginPageTest"/>
  <testcase name="loginTest" time="0.583" classname="com.qa.Bridgelabz.testcases.LoginPageTest"/>
  <testcase name="loginTest" time="0.561" classname="com.qa.Bridgelabz.testcases.LoginPageTest"/>
  <testcase name="forgot" time="13.03" classname="com.qa.Bridgelabz.testcases.ForgotPageTest"/>
  <testcase name="forgot" time="13.206" classname="com.qa.Bridgelabz.testcases.ForgotPageTest"/>
  <testcase name="forgot" time="13.189" classname="com.qa.Bridgelabz.testcases.ForgotPageTest"/>
</testsuite> <!--  App Test Cases  -->
